<?xml version="1.0" encoding="UTF-8"?>
<!-- Generated by org.testng.reporters.JUnitReportReporter -->
<testsuite hostname="IPS-215" failures="0" tests="3" name="Cross.CrossBrowser" time="31.603" errors="0" timestamp="2024-02-16T15:01:03 IST" skipped="0">
  <testcase classname="Cross.CrossBrowser" name="varifiytitle" time="9.468"/>
  <testcase classname="Cross.CrossBrowser" name="varifiytitle" time="10.562"/>
  <testcase classname="Cross.CrossBrowser" name="varifiytitle" time="11.573"/>
</testsuite> <!-- Cross.CrossBrowser -->
